{"C:\\Users\\user\\Desktop\\Medical Appointment & Patient Management System\\src\\appointment\\appointment.service.ts": {"path":"C:\\Users\\user\\Desktop\\Medical Appointment & Patient Management System\\src\\appointment\\appointment.service.ts","statementMap":{"0":{"start":{"line":2,"column":0},"end":{"line":2,"column":33}},"1":{"start":{"line":3,"column":0},"end":{"line":3,"column":31}},"2":{"start":{"line":4,"column":0},"end":{"line":4,"column":69}},"3":{"start":{"line":7,"column":40},"end":{"line":10,"column":1}},"4":{"start":{"line":8,"column":2},"end":{"line":8,"column":57}},"5":{"start":{"line":9,"column":2},"end":{"line":9,"column":44}},"6":{"start":{"line":7,"column":13},"end":{"line":7,"column":40}},"7":{"start":{"line":13,"column":41},"end":{"line":22,"column":1}},"8":{"start":{"line":14,"column":2},"end":{"line":21,"column":5}},"9":{"start":{"line":13,"column":13},"end":{"line":13,"column":41}},"10":{"start":{"line":25,"column":41},"end":{"line":35,"column":1}},"11":{"start":{"line":26,"column":2},"end":{"line":34,"column":5}},"12":{"start":{"line":25,"column":13},"end":{"line":25,"column":41}},"13":{"start":{"line":38,"column":40},"end":{"line":44,"column":1}},"14":{"start":{"line":42,"column":2},"end":{"line":42,"column":95}},"15":{"start":{"line":43,"column":2},"end":{"line":43,"column":44}},"16":{"start":{"line":38,"column":13},"end":{"line":38,"column":40}},"17":{"start":{"line":47,"column":40},"end":{"line":50,"column":1}},"18":{"start":{"line":48,"column":2},"end":{"line":48,"column":85}},"19":{"start":{"line":49,"column":2},"end":{"line":49,"column":44}},"20":{"start":{"line":47,"column":13},"end":{"line":47,"column":40}},"21":{"start":{"line":53,"column":46},"end":{"line":62,"column":1}},"22":{"start":{"line":54,"column":2},"end":{"line":61,"column":5}},"23":{"start":{"line":53,"column":13},"end":{"line":53,"column":46}},"24":{"start":{"line":65,"column":44},"end":{"line":74,"column":1}},"25":{"start":{"line":66,"column":2},"end":{"line":73,"column":5}},"26":{"start":{"line":65,"column":13},"end":{"line":65,"column":44}}},"fnMap":{"0":{"name":"(anonymous_1)","decl":{"start":{"line":7,"column":40},"end":{"line":7,"column":45}},"loc":{"start":{"line":7,"column":77},"end":{"line":10,"column":1}}},"1":{"name":"(anonymous_2)","decl":{"start":{"line":13,"column":41},"end":{"line":13,"column":46}},"loc":{"start":{"line":13,"column":52},"end":{"line":22,"column":1}}},"2":{"name":"(anonymous_3)","decl":{"start":{"line":25,"column":41},"end":{"line":25,"column":46}},"loc":{"start":{"line":25,"column":62},"end":{"line":35,"column":1}}},"3":{"name":"(anonymous_4)","decl":{"start":{"line":38,"column":40},"end":{"line":38,"column":45}},"loc":{"start":{"line":41,"column":4},"end":{"line":44,"column":1}}},"4":{"name":"(anonymous_5)","decl":{"start":{"line":47,"column":40},"end":{"line":47,"column":45}},"loc":{"start":{"line":47,"column":61},"end":{"line":50,"column":1}}},"5":{"name":"(anonymous_6)","decl":{"start":{"line":53,"column":46},"end":{"line":53,"column":51}},"loc":{"start":{"line":53,"column":73},"end":{"line":62,"column":1}}},"6":{"name":"(anonymous_7)","decl":{"start":{"line":65,"column":44},"end":{"line":65,"column":49}},"loc":{"start":{"line":65,"column":69},"end":{"line":74,"column":1}}}},"branchMap":{},"s":{"0":1,"1":1,"2":1,"3":1,"4":1,"5":1,"6":1,"7":1,"8":1,"9":1,"10":1,"11":2,"12":1,"13":1,"14":1,"15":1,"16":1,"17":1,"18":1,"19":1,"20":1,"21":1,"22":1,"23":1,"24":1,"25":1,"26":1},"f":{"0":1,"1":1,"2":2,"3":1,"4":1,"5":1,"6":1},"b":{}}
,"C:\\Users\\user\\Desktop\\Medical Appointment & Patient Management System\\src\\complaint\\complaint.service.ts": {"path":"C:\\Users\\user\\Desktop\\Medical Appointment & Patient Management System\\src\\complaint\\complaint.service.ts","statementMap":{"0":{"start":{"line":3,"column":0},"end":{"line":3,"column":33}},"1":{"start":{"line":4,"column":0},"end":{"line":4,"column":31}},"2":{"start":{"line":5,"column":0},"end":{"line":5,"column":65}},"3":{"start":{"line":8,"column":38},"end":{"line":11,"column":1}},"4":{"start":{"line":9,"column":2},"end":{"line":9,"column":53}},"5":{"start":{"line":10,"column":2},"end":{"line":10,"column":44}},"6":{"start":{"line":8,"column":13},"end":{"line":8,"column":38}},"7":{"start":{"line":14,"column":39},"end":{"line":16,"column":1}},"8":{"start":{"line":15,"column":2},"end":{"line":15,"column":51}},"9":{"start":{"line":14,"column":13},"end":{"line":14,"column":39}},"10":{"start":{"line":19,"column":39},"end":{"line":23,"column":1}},"11":{"start":{"line":20,"column":2},"end":{"line":22,"column":5}},"12":{"start":{"line":19,"column":13},"end":{"line":19,"column":39}},"13":{"start":{"line":26,"column":38},"end":{"line":34,"column":1}},"14":{"start":{"line":30,"column":2},"end":{"line":32,"column":49}},"15":{"start":{"line":33,"column":2},"end":{"line":33,"column":42}},"16":{"start":{"line":26,"column":13},"end":{"line":26,"column":38}},"17":{"start":{"line":37,"column":38},"end":{"line":41,"column":1}},"18":{"start":{"line":38,"column":2},"end":{"line":39,"column":49}},"19":{"start":{"line":40,"column":2},"end":{"line":40,"column":42}},"20":{"start":{"line":37,"column":13},"end":{"line":37,"column":38}},"21":{"start":{"line":44,"column":42},"end":{"line":52,"column":1}},"22":{"start":{"line":45,"column":2},"end":{"line":51,"column":5}},"23":{"start":{"line":44,"column":13},"end":{"line":44,"column":42}},"24":{"start":{"line":55,"column":44},"end":{"line":63,"column":1}},"25":{"start":{"line":56,"column":2},"end":{"line":62,"column":5}},"26":{"start":{"line":55,"column":13},"end":{"line":55,"column":44}},"27":{"start":{"line":66,"column":46},"end":{"line":75,"column":1}},"28":{"start":{"line":67,"column":2},"end":{"line":74,"column":5}},"29":{"start":{"line":66,"column":13},"end":{"line":66,"column":46}}},"fnMap":{"0":{"name":"(anonymous_1)","decl":{"start":{"line":8,"column":38},"end":{"line":8,"column":43}},"loc":{"start":{"line":8,"column":71},"end":{"line":11,"column":1}}},"1":{"name":"(anonymous_2)","decl":{"start":{"line":14,"column":39},"end":{"line":14,"column":44}},"loc":{"start":{"line":14,"column":50},"end":{"line":16,"column":1}}},"2":{"name":"(anonymous_3)","decl":{"start":{"line":19,"column":39},"end":{"line":19,"column":44}},"loc":{"start":{"line":19,"column":60},"end":{"line":23,"column":1}}},"3":{"name":"(anonymous_4)","decl":{"start":{"line":26,"column":38},"end":{"line":26,"column":43}},"loc":{"start":{"line":29,"column":4},"end":{"line":34,"column":1}}},"4":{"name":"(anonymous_5)","decl":{"start":{"line":37,"column":38},"end":{"line":37,"column":43}},"loc":{"start":{"line":37,"column":59},"end":{"line":41,"column":1}}},"5":{"name":"(anonymous_6)","decl":{"start":{"line":44,"column":42},"end":{"line":44,"column":47}},"loc":{"start":{"line":44,"column":67},"end":{"line":52,"column":1}}},"6":{"name":"(anonymous_7)","decl":{"start":{"line":55,"column":44},"end":{"line":55,"column":49}},"loc":{"start":{"line":55,"column":71},"end":{"line":63,"column":1}}},"7":{"name":"(anonymous_8)","decl":{"start":{"line":66,"column":46},"end":{"line":66,"column":51}},"loc":{"start":{"line":66,"column":67},"end":{"line":75,"column":1}}}},"branchMap":{},"s":{"0":1,"1":1,"2":1,"3":1,"4":1,"5":1,"6":1,"7":1,"8":1,"9":1,"10":1,"11":1,"12":1,"13":1,"14":1,"15":1,"16":1,"17":1,"18":1,"19":1,"20":1,"21":1,"22":1,"23":1,"24":1,"25":1,"26":1,"27":1,"28":1,"29":1},"f":{"0":1,"1":1,"2":1,"3":1,"4":1,"5":1,"6":1,"7":1},"b":{}}
,"C:\\Users\\user\\Desktop\\Medical Appointment & Patient Management System\\src\\doctor\\doctor.service.ts": {"path":"C:\\Users\\user\\Desktop\\Medical Appointment & Patient Management System\\src\\doctor\\doctor.service.ts","statementMap":{"0":{"start":{"line":3,"column":0},"end":{"line":3,"column":33}},"1":{"start":{"line":4,"column":0},"end":{"line":4,"column":31}},"2":{"start":{"line":5,"column":0},"end":{"line":5,"column":59}},"3":{"start":{"line":8,"column":35},"end":{"line":11,"column":1}},"4":{"start":{"line":9,"column":2},"end":{"line":9,"column":47}},"5":{"start":{"line":10,"column":2},"end":{"line":10,"column":39}},"6":{"start":{"line":8,"column":13},"end":{"line":8,"column":35}},"7":{"start":{"line":14,"column":36},"end":{"line":16,"column":1}},"8":{"start":{"line":15,"column":2},"end":{"line":15,"column":48}},"9":{"start":{"line":14,"column":13},"end":{"line":14,"column":36}},"10":{"start":{"line":19,"column":36},"end":{"line":23,"column":1}},"11":{"start":{"line":20,"column":2},"end":{"line":22,"column":5}},"12":{"start":{"line":19,"column":13},"end":{"line":19,"column":36}},"13":{"start":{"line":26,"column":35},"end":{"line":29,"column":1}},"14":{"start":{"line":27,"column":2},"end":{"line":27,"column":80}},"15":{"start":{"line":28,"column":2},"end":{"line":28,"column":39}},"16":{"start":{"line":26,"column":13},"end":{"line":26,"column":35}},"17":{"start":{"line":32,"column":35},"end":{"line":35,"column":1}},"18":{"start":{"line":33,"column":2},"end":{"line":33,"column":70}},"19":{"start":{"line":34,"column":2},"end":{"line":34,"column":39}},"20":{"start":{"line":32,"column":13},"end":{"line":32,"column":35}},"21":{"start":{"line":38,"column":48},"end":{"line":51,"column":1}},"22":{"start":{"line":39,"column":2},"end":{"line":50,"column":5}},"23":{"start":{"line":38,"column":13},"end":{"line":38,"column":48}},"24":{"start":{"line":54,"column":49},"end":{"line":65,"column":1}},"25":{"start":{"line":55,"column":2},"end":{"line":64,"column":5}},"26":{"start":{"line":54,"column":13},"end":{"line":54,"column":49}}},"fnMap":{"0":{"name":"(anonymous_1)","decl":{"start":{"line":8,"column":35},"end":{"line":8,"column":40}},"loc":{"start":{"line":8,"column":62},"end":{"line":11,"column":1}}},"1":{"name":"(anonymous_2)","decl":{"start":{"line":14,"column":36},"end":{"line":14,"column":41}},"loc":{"start":{"line":14,"column":47},"end":{"line":16,"column":1}}},"2":{"name":"(anonymous_3)","decl":{"start":{"line":19,"column":36},"end":{"line":19,"column":41}},"loc":{"start":{"line":19,"column":57},"end":{"line":23,"column":1}}},"3":{"name":"(anonymous_4)","decl":{"start":{"line":26,"column":35},"end":{"line":26,"column":40}},"loc":{"start":{"line":26,"column":81},"end":{"line":29,"column":1}}},"4":{"name":"(anonymous_5)","decl":{"start":{"line":32,"column":35},"end":{"line":32,"column":40}},"loc":{"start":{"line":32,"column":56},"end":{"line":35,"column":1}}},"5":{"name":"(anonymous_6)","decl":{"start":{"line":38,"column":48},"end":{"line":38,"column":53}},"loc":{"start":{"line":38,"column":75},"end":{"line":51,"column":1}}},"6":{"name":"(anonymous_7)","decl":{"start":{"line":54,"column":49},"end":{"line":54,"column":54}},"loc":{"start":{"line":54,"column":76},"end":{"line":65,"column":1}}}},"branchMap":{},"s":{"0":1,"1":1,"2":1,"3":1,"4":1,"5":1,"6":1,"7":1,"8":1,"9":1,"10":1,"11":1,"12":1,"13":1,"14":1,"15":1,"16":1,"17":1,"18":1,"19":1,"20":1,"21":1,"22":1,"23":1,"24":1,"25":1,"26":1},"f":{"0":1,"1":1,"2":1,"3":1,"4":1,"5":1,"6":1},"b":{}}
,"C:\\Users\\user\\Desktop\\Medical Appointment & Patient Management System\\src\\payment\\payment.service.ts": {"path":"C:\\Users\\user\\Desktop\\Medical Appointment & Patient Management System\\src\\payment\\payment.service.ts","statementMap":{"0":{"start":{"line":3,"column":0},"end":{"line":3,"column":33}},"1":{"start":{"line":4,"column":0},"end":{"line":4,"column":31}},"2":{"start":{"line":5,"column":0},"end":{"line":5,"column":61}},"3":{"start":{"line":8,"column":36},"end":{"line":11,"column":1}},"4":{"start":{"line":9,"column":2},"end":{"line":9,"column":49}},"5":{"start":{"line":10,"column":2},"end":{"line":10,"column":41}},"6":{"start":{"line":8,"column":13},"end":{"line":8,"column":36}},"7":{"start":{"line":14,"column":37},"end":{"line":20,"column":1}},"8":{"start":{"line":15,"column":2},"end":{"line":19,"column":5}},"9":{"start":{"line":14,"column":13},"end":{"line":14,"column":37}},"10":{"start":{"line":23,"column":37},"end":{"line":30,"column":1}},"11":{"start":{"line":24,"column":2},"end":{"line":29,"column":5}},"12":{"start":{"line":23,"column":13},"end":{"line":23,"column":37}},"13":{"start":{"line":33,"column":36},"end":{"line":39,"column":1}},"14":{"start":{"line":37,"column":2},"end":{"line":37,"column":83}},"15":{"start":{"line":38,"column":2},"end":{"line":38,"column":40}},"16":{"start":{"line":33,"column":13},"end":{"line":33,"column":36}},"17":{"start":{"line":42,"column":36},"end":{"line":45,"column":1}},"18":{"start":{"line":43,"column":2},"end":{"line":43,"column":73}},"19":{"start":{"line":44,"column":2},"end":{"line":44,"column":40}},"20":{"start":{"line":42,"column":13},"end":{"line":42,"column":36}},"21":{"start":{"line":48,"column":47},"end":{"line":55,"column":1}},"22":{"start":{"line":49,"column":2},"end":{"line":54,"column":5}},"23":{"start":{"line":48,"column":13},"end":{"line":48,"column":47}},"24":{"start":{"line":58,"column":44},"end":{"line":70,"column":1}},"25":{"start":{"line":59,"column":2},"end":{"line":69,"column":5}},"26":{"start":{"line":58,"column":13},"end":{"line":58,"column":44}}},"fnMap":{"0":{"name":"(anonymous_1)","decl":{"start":{"line":8,"column":36},"end":{"line":8,"column":41}},"loc":{"start":{"line":8,"column":65},"end":{"line":11,"column":1}}},"1":{"name":"(anonymous_2)","decl":{"start":{"line":14,"column":37},"end":{"line":14,"column":42}},"loc":{"start":{"line":14,"column":48},"end":{"line":20,"column":1}}},"2":{"name":"(anonymous_3)","decl":{"start":{"line":23,"column":37},"end":{"line":23,"column":42}},"loc":{"start":{"line":23,"column":58},"end":{"line":30,"column":1}}},"3":{"name":"(anonymous_4)","decl":{"start":{"line":33,"column":36},"end":{"line":33,"column":41}},"loc":{"start":{"line":36,"column":4},"end":{"line":39,"column":1}}},"4":{"name":"(anonymous_5)","decl":{"start":{"line":42,"column":36},"end":{"line":42,"column":41}},"loc":{"start":{"line":42,"column":57},"end":{"line":45,"column":1}}},"5":{"name":"(anonymous_6)","decl":{"start":{"line":48,"column":47},"end":{"line":48,"column":52}},"loc":{"start":{"line":48,"column":79},"end":{"line":55,"column":1}}},"6":{"name":"(anonymous_7)","decl":{"start":{"line":58,"column":44},"end":{"line":58,"column":49}},"loc":{"start":{"line":58,"column":65},"end":{"line":70,"column":1}}}},"branchMap":{},"s":{"0":1,"1":1,"2":1,"3":1,"4":1,"5":1,"6":1,"7":1,"8":1,"9":1,"10":1,"11":1,"12":1,"13":1,"14":1,"15":1,"16":1,"17":1,"18":1,"19":1,"20":1,"21":1,"22":1,"23":1,"24":1,"25":1,"26":1},"f":{"0":1,"1":1,"2":1,"3":1,"4":1,"5":1,"6":1},"b":{}}
,"C:\\Users\\user\\Desktop\\Medical Appointment & Patient Management System\\src\\prescription\\prescription.service.ts": {"path":"C:\\Users\\user\\Desktop\\Medical Appointment & Patient Management System\\src\\prescription\\prescription.service.ts","statementMap":{"0":{"start":{"line":3,"column":0},"end":{"line":3,"column":33}},"1":{"start":{"line":4,"column":0},"end":{"line":4,"column":31}},"2":{"start":{"line":5,"column":0},"end":{"line":5,"column":71}},"3":{"start":{"line":8,"column":41},"end":{"line":11,"column":1}},"4":{"start":{"line":9,"column":2},"end":{"line":9,"column":59}},"5":{"start":{"line":10,"column":2},"end":{"line":10,"column":45}},"6":{"start":{"line":8,"column":13},"end":{"line":8,"column":41}},"7":{"start":{"line":14,"column":42},"end":{"line":16,"column":1}},"8":{"start":{"line":15,"column":2},"end":{"line":15,"column":54}},"9":{"start":{"line":14,"column":13},"end":{"line":14,"column":42}},"10":{"start":{"line":19,"column":42},"end":{"line":23,"column":1}},"11":{"start":{"line":20,"column":2},"end":{"line":22,"column":5}},"12":{"start":{"line":19,"column":13},"end":{"line":19,"column":42}},"13":{"start":{"line":26,"column":41},"end":{"line":32,"column":1}},"14":{"start":{"line":30,"column":2},"end":{"line":30,"column":98}},"15":{"start":{"line":31,"column":2},"end":{"line":31,"column":45}},"16":{"start":{"line":26,"column":13},"end":{"line":26,"column":41}},"17":{"start":{"line":35,"column":41},"end":{"line":38,"column":1}},"18":{"start":{"line":36,"column":2},"end":{"line":36,"column":88}},"19":{"start":{"line":37,"column":2},"end":{"line":37,"column":45}},"20":{"start":{"line":35,"column":13},"end":{"line":35,"column":41}},"21":{"start":{"line":41,"column":47},"end":{"line":49,"column":1}},"22":{"start":{"line":42,"column":2},"end":{"line":48,"column":5}},"23":{"start":{"line":41,"column":13},"end":{"line":41,"column":47}},"24":{"start":{"line":52,"column":48},"end":{"line":60,"column":1}},"25":{"start":{"line":53,"column":2},"end":{"line":59,"column":5}},"26":{"start":{"line":52,"column":13},"end":{"line":52,"column":48}},"27":{"start":{"line":63,"column":49},"end":{"line":72,"column":1}},"28":{"start":{"line":64,"column":2},"end":{"line":71,"column":5}},"29":{"start":{"line":63,"column":13},"end":{"line":63,"column":49}}},"fnMap":{"0":{"name":"(anonymous_1)","decl":{"start":{"line":8,"column":41},"end":{"line":8,"column":46}},"loc":{"start":{"line":8,"column":80},"end":{"line":11,"column":1}}},"1":{"name":"(anonymous_2)","decl":{"start":{"line":14,"column":42},"end":{"line":14,"column":47}},"loc":{"start":{"line":14,"column":53},"end":{"line":16,"column":1}}},"2":{"name":"(anonymous_3)","decl":{"start":{"line":19,"column":42},"end":{"line":19,"column":47}},"loc":{"start":{"line":19,"column":63},"end":{"line":23,"column":1}}},"3":{"name":"(anonymous_4)","decl":{"start":{"line":26,"column":41},"end":{"line":26,"column":46}},"loc":{"start":{"line":29,"column":4},"end":{"line":32,"column":1}}},"4":{"name":"(anonymous_5)","decl":{"start":{"line":35,"column":41},"end":{"line":35,"column":46}},"loc":{"start":{"line":35,"column":62},"end":{"line":38,"column":1}}},"5":{"name":"(anonymous_6)","decl":{"start":{"line":41,"column":47},"end":{"line":41,"column":52}},"loc":{"start":{"line":41,"column":74},"end":{"line":49,"column":1}}},"6":{"name":"(anonymous_7)","decl":{"start":{"line":52,"column":48},"end":{"line":52,"column":53}},"loc":{"start":{"line":52,"column":73},"end":{"line":60,"column":1}}},"7":{"name":"(anonymous_8)","decl":{"start":{"line":63,"column":49},"end":{"line":63,"column":54}},"loc":{"start":{"line":63,"column":70},"end":{"line":72,"column":1}}}},"branchMap":{},"s":{"0":1,"1":1,"2":1,"3":1,"4":1,"5":1,"6":1,"7":1,"8":1,"9":1,"10":1,"11":1,"12":1,"13":1,"14":1,"15":1,"16":1,"17":1,"18":1,"19":1,"20":1,"21":1,"22":1,"23":1,"24":1,"25":1,"26":1,"27":1,"28":1,"29":1},"f":{"0":1,"1":1,"2":1,"3":1,"4":1,"5":1,"6":1,"7":1},"b":{}}
,"C:\\Users\\user\\Desktop\\Medical Appointment & Patient Management System\\src\\user\\user.service.ts": {"path":"C:\\Users\\user\\Desktop\\Medical Appointment & Patient Management System\\src\\user\\user.service.ts","statementMap":{"0":{"start":{"line":1,"column":0},"end":{"line":1,"column":38}},"1":{"start":{"line":2,"column":0},"end":{"line":2,"column":31}},"2":{"start":{"line":3,"column":0},"end":{"line":3,"column":55}},"3":{"start":{"line":6,"column":33},"end":{"line":9,"column":1}},"4":{"start":{"line":7,"column":2},"end":{"line":7,"column":43}},"5":{"start":{"line":8,"column":2},"end":{"line":8,"column":37}},"6":{"start":{"line":6,"column":13},"end":{"line":6,"column":33}},"7":{"start":{"line":12,"column":37},"end":{"line":16,"column":1}},"8":{"start":{"line":13,"column":2},"end":{"line":15,"column":5}},"9":{"start":{"line":12,"column":13},"end":{"line":12,"column":37}},"10":{"start":{"line":19,"column":33},"end":{"line":23,"column":1}},"11":{"start":{"line":20,"column":2},"end":{"line":22,"column":48}},"12":{"start":{"line":19,"column":13},"end":{"line":19,"column":33}},"13":{"start":{"line":26,"column":32},"end":{"line":39,"column":1}},"14":{"start":{"line":27,"column":20},"end":{"line":27,"column":24}},"15":{"start":{"line":28,"column":2},"end":{"line":38,"column":5}},"16":{"start":{"line":26,"column":13},"end":{"line":26,"column":32}},"17":{"start":{"line":42,"column":31},"end":{"line":44,"column":1}},"18":{"start":{"line":43,"column":2},"end":{"line":43,"column":46}},"19":{"start":{"line":42,"column":13},"end":{"line":42,"column":31}},"20":{"start":{"line":47,"column":33},"end":{"line":50,"column":1}},"21":{"start":{"line":48,"column":2},"end":{"line":48,"column":64}},"22":{"start":{"line":49,"column":2},"end":{"line":49,"column":37}},"23":{"start":{"line":47,"column":13},"end":{"line":47,"column":33}},"24":{"start":{"line":53,"column":34},"end":{"line":57,"column":1}},"25":{"start":{"line":54,"column":2},"end":{"line":56,"column":5}},"26":{"start":{"line":53,"column":13},"end":{"line":53,"column":34}},"27":{"start":{"line":63,"column":39},"end":{"line":76,"column":1}},"28":{"start":{"line":64,"column":2},"end":{"line":75,"column":5}},"29":{"start":{"line":63,"column":13},"end":{"line":63,"column":39}},"30":{"start":{"line":83,"column":40},"end":{"line":95,"column":1}},"31":{"start":{"line":84,"column":2},"end":{"line":94,"column":5}},"32":{"start":{"line":83,"column":13},"end":{"line":83,"column":40}},"33":{"start":{"line":101,"column":37},"end":{"line":112,"column":1}},"34":{"start":{"line":102,"column":2},"end":{"line":111,"column":5}},"35":{"start":{"line":101,"column":13},"end":{"line":101,"column":37}},"36":{"start":{"line":117,"column":43},"end":{"line":128,"column":1}},"37":{"start":{"line":118,"column":2},"end":{"line":127,"column":5}},"38":{"start":{"line":117,"column":13},"end":{"line":117,"column":43}},"39":{"start":{"line":133,"column":35},"end":{"line":144,"column":1}},"40":{"start":{"line":134,"column":2},"end":{"line":143,"column":5}},"41":{"start":{"line":133,"column":13},"end":{"line":133,"column":35}}},"fnMap":{"0":{"name":"(anonymous_1)","decl":{"start":{"line":6,"column":33},"end":{"line":6,"column":38}},"loc":{"start":{"line":6,"column":56},"end":{"line":9,"column":1}}},"1":{"name":"(anonymous_2)","decl":{"start":{"line":12,"column":37},"end":{"line":12,"column":42}},"loc":{"start":{"line":12,"column":61},"end":{"line":16,"column":1}}},"2":{"name":"(anonymous_3)","decl":{"start":{"line":19,"column":33},"end":{"line":19,"column":38}},"loc":{"start":{"line":19,"column":57},"end":{"line":23,"column":1}}},"3":{"name":"(anonymous_4)","decl":{"start":{"line":26,"column":32},"end":{"line":26,"column":37}},"loc":{"start":{"line":26,"column":55},"end":{"line":39,"column":1}}},"4":{"name":"(anonymous_5)","decl":{"start":{"line":42,"column":31},"end":{"line":42,"column":36}},"loc":{"start":{"line":42,"column":42},"end":{"line":44,"column":1}}},"5":{"name":"(anonymous_6)","decl":{"start":{"line":47,"column":33},"end":{"line":47,"column":38}},"loc":{"start":{"line":47,"column":54},"end":{"line":50,"column":1}}},"6":{"name":"(anonymous_7)","decl":{"start":{"line":53,"column":34},"end":{"line":53,"column":39}},"loc":{"start":{"line":53,"column":55},"end":{"line":57,"column":1}}},"7":{"name":"(anonymous_8)","decl":{"start":{"line":63,"column":39},"end":{"line":63,"column":44}},"loc":{"start":{"line":63,"column":64},"end":{"line":76,"column":1}}},"8":{"name":"(anonymous_9)","decl":{"start":{"line":83,"column":40},"end":{"line":83,"column":45}},"loc":{"start":{"line":83,"column":65},"end":{"line":95,"column":1}}},"9":{"name":"(anonymous_10)","decl":{"start":{"line":101,"column":37},"end":{"line":101,"column":42}},"loc":{"start":{"line":101,"column":62},"end":{"line":112,"column":1}}},"10":{"name":"(anonymous_11)","decl":{"start":{"line":117,"column":43},"end":{"line":117,"column":48}},"loc":{"start":{"line":117,"column":54},"end":{"line":128,"column":1}}},"11":{"name":"(anonymous_12)","decl":{"start":{"line":133,"column":35},"end":{"line":133,"column":40}},"loc":{"start":{"line":133,"column":60},"end":{"line":144,"column":1}}}},"branchMap":{},"s":{"0":1,"1":1,"2":1,"3":1,"4":1,"5":1,"6":1,"7":1,"8":2,"9":1,"10":1,"11":1,"12":1,"13":1,"14":2,"15":2,"16":1,"17":1,"18":2,"19":1,"20":1,"21":1,"22":1,"23":1,"24":1,"25":2,"26":1,"27":1,"28":2,"29":1,"30":1,"31":2,"32":1,"33":1,"34":2,"35":1,"36":1,"37":2,"38":1,"39":1,"40":2,"41":1},"f":{"0":1,"1":2,"2":1,"3":2,"4":2,"5":1,"6":2,"7":2,"8":2,"9":2,"10":2,"11":2},"b":{}}
}
