{"C:\\Users\\user\\Desktop\\Medical Appointment & Patient Management System\\src\\appointment\\appointment.service.ts": {"path":"C:\\Users\\user\\Desktop\\Medical Appointment & Patient Management System\\src\\appointment\\appointment.service.ts","statementMap":{"0":{"start":{"line":1,"column":0},"end":{"line":1,"column":33}},"1":{"start":{"line":2,"column":0},"end":{"line":2,"column":31}},"2":{"start":{"line":3,"column":0},"end":{"line":3,"column":69}},"3":{"start":{"line":6,"column":40},"end":{"line":9,"column":1}},"4":{"start":{"line":7,"column":2},"end":{"line":7,"column":57}},"5":{"start":{"line":8,"column":2},"end":{"line":8,"column":44}},"6":{"start":{"line":6,"column":13},"end":{"line":6,"column":40}},"7":{"start":{"line":12,"column":41},"end":{"line":49,"column":1}},"8":{"start":{"line":13,"column":15},"end":{"line":20,"column":4}},"9":{"start":{"line":22,"column":2},"end":{"line":48,"column":5}},"10":{"start":{"line":24,"column":23},"end":{"line":26,"column":12}},"11":{"start":{"line":29,"column":24},"end":{"line":31,"column":12}},"12":{"start":{"line":33,"column":4},"end":{"line":47,"column":6}},"13":{"start":{"line":12,"column":13},"end":{"line":12,"column":41}},"14":{"start":{"line":52,"column":41},"end":{"line":88,"column":1}},"15":{"start":{"line":53,"column":15},"end":{"line":61,"column":4}},"16":{"start":{"line":63,"column":2},"end":{"line":63,"column":25}},"17":{"start":{"line":63,"column":13},"end":{"line":63,"column":25}},"18":{"start":{"line":65,"column":21},"end":{"line":67,"column":10}},"19":{"start":{"line":69,"column":22},"end":{"line":71,"column":10}},"20":{"start":{"line":73,"column":2},"end":{"line":87,"column":4}},"21":{"start":{"line":52,"column":13},"end":{"line":52,"column":41}},"22":{"start":{"line":91,"column":40},"end":{"line":100,"column":1}},"23":{"start":{"line":95,"column":2},"end":{"line":98,"column":53}},"24":{"start":{"line":99,"column":2},"end":{"line":99,"column":44}},"25":{"start":{"line":91,"column":13},"end":{"line":91,"column":40}},"26":{"start":{"line":103,"column":40},"end":{"line":106,"column":1}},"27":{"start":{"line":104,"column":2},"end":{"line":104,"column":85}},"28":{"start":{"line":105,"column":2},"end":{"line":105,"column":44}},"29":{"start":{"line":103,"column":13},"end":{"line":103,"column":40}},"30":{"start":{"line":109,"column":46},"end":{"line":132,"column":1}},"31":{"start":{"line":110,"column":15},"end":{"line":116,"column":4}},"32":{"start":{"line":118,"column":2},"end":{"line":131,"column":6}},"33":{"start":{"line":118,"column":29},"end":{"line":131,"column":4}},"34":{"start":{"line":109,"column":13},"end":{"line":109,"column":46}},"35":{"start":{"line":135,"column":44},"end":{"line":158,"column":1}},"36":{"start":{"line":136,"column":15},"end":{"line":142,"column":4}},"37":{"start":{"line":144,"column":2},"end":{"line":157,"column":6}},"38":{"start":{"line":144,"column":29},"end":{"line":157,"column":4}},"39":{"start":{"line":135,"column":13},"end":{"line":135,"column":44}}},"fnMap":{"0":{"name":"(anonymous_1)","decl":{"start":{"line":6,"column":40},"end":{"line":6,"column":45}},"loc":{"start":{"line":6,"column":77},"end":{"line":9,"column":1}}},"1":{"name":"(anonymous_2)","decl":{"start":{"line":12,"column":41},"end":{"line":12,"column":46}},"loc":{"start":{"line":12,"column":52},"end":{"line":49,"column":1}}},"2":{"name":"(anonymous_3)","decl":{"start":{"line":22,"column":18},"end":{"line":22,"column":19}},"loc":{"start":{"line":22,"column":27},"end":{"line":48,"column":3}}},"3":{"name":"(anonymous_4)","decl":{"start":{"line":52,"column":41},"end":{"line":52,"column":46}},"loc":{"start":{"line":52,"column":62},"end":{"line":88,"column":1}}},"4":{"name":"(anonymous_5)","decl":{"start":{"line":91,"column":40},"end":{"line":91,"column":45}},"loc":{"start":{"line":94,"column":4},"end":{"line":100,"column":1}}},"5":{"name":"(anonymous_6)","decl":{"start":{"line":103,"column":40},"end":{"line":103,"column":45}},"loc":{"start":{"line":103,"column":61},"end":{"line":106,"column":1}}},"6":{"name":"(anonymous_7)","decl":{"start":{"line":109,"column":46},"end":{"line":109,"column":51}},"loc":{"start":{"line":109,"column":73},"end":{"line":132,"column":1}}},"7":{"name":"(anonymous_8)","decl":{"start":{"line":118,"column":18},"end":{"line":118,"column":19}},"loc":{"start":{"line":118,"column":29},"end":{"line":131,"column":4}}},"8":{"name":"(anonymous_9)","decl":{"start":{"line":135,"column":44},"end":{"line":135,"column":49}},"loc":{"start":{"line":135,"column":69},"end":{"line":158,"column":1}}},"9":{"name":"(anonymous_10)","decl":{"start":{"line":144,"column":18},"end":{"line":144,"column":19}},"loc":{"start":{"line":144,"column":29},"end":{"line":157,"column":4}}}},"branchMap":{"0":{"loc":{"start":{"line":24,"column":23},"end":{"line":26,"column":12}},"type":"cond-expr","locations":[{"start":{"line":25,"column":8},"end":{"line":25,"column":64}},{"start":{"line":26,"column":8},"end":{"line":26,"column":12}}]},"1":{"loc":{"start":{"line":29,"column":24},"end":{"line":31,"column":12}},"type":"cond-expr","locations":[{"start":{"line":30,"column":8},"end":{"line":30,"column":54}},{"start":{"line":31,"column":8},"end":{"line":31,"column":12}}]},"2":{"loc":{"start":{"line":63,"column":2},"end":{"line":63,"column":25}},"type":"if","locations":[{"start":{"line":63,"column":2},"end":{"line":63,"column":25}},{"start":{},"end":{}}]},"3":{"loc":{"start":{"line":65,"column":21},"end":{"line":67,"column":10}},"type":"cond-expr","locations":[{"start":{"line":66,"column":6},"end":{"line":66,"column":62}},{"start":{"line":67,"column":6},"end":{"line":67,"column":10}}]},"4":{"loc":{"start":{"line":69,"column":22},"end":{"line":71,"column":10}},"type":"cond-expr","locations":[{"start":{"line":70,"column":6},"end":{"line":70,"column":52}},{"start":{"line":71,"column":6},"end":{"line":71,"column":10}}]},"5":{"loc":{"start":{"line":124,"column":17},"end":{"line":126,"column":12}},"type":"cond-expr","locations":[{"start":{"line":125,"column":8},"end":{"line":125,"column":64}},{"start":{"line":126,"column":8},"end":{"line":126,"column":12}}]},"6":{"loc":{"start":{"line":128,"column":18},"end":{"line":130,"column":12}},"type":"cond-expr","locations":[{"start":{"line":129,"column":8},"end":{"line":129,"column":54}},{"start":{"line":130,"column":8},"end":{"line":130,"column":12}}]},"7":{"loc":{"start":{"line":150,"column":17},"end":{"line":152,"column":12}},"type":"cond-expr","locations":[{"start":{"line":151,"column":8},"end":{"line":151,"column":64}},{"start":{"line":152,"column":8},"end":{"line":152,"column":12}}]},"8":{"loc":{"start":{"line":154,"column":18},"end":{"line":156,"column":12}},"type":"cond-expr","locations":[{"start":{"line":155,"column":8},"end":{"line":155,"column":54}},{"start":{"line":156,"column":8},"end":{"line":156,"column":12}}]}},"s":{"0":1,"1":1,"2":1,"3":1,"4":1,"5":1,"6":1,"7":1,"8":1,"9":1,"10":1,"11":1,"12":1,"13":1,"14":1,"15":2,"16":2,"17":1,"18":1,"19":1,"20":1,"21":1,"22":1,"23":1,"24":1,"25":1,"26":1,"27":1,"28":1,"29":1,"30":1,"31":1,"32":1,"33":1,"34":1,"35":1,"36":1,"37":1,"38":1,"39":1},"f":{"0":1,"1":1,"2":1,"3":2,"4":1,"5":1,"6":1,"7":1,"8":1,"9":1},"b":{"0":[1,0],"1":[1,0],"2":[1,1],"3":[1,0],"4":[1,0],"5":[0,1],"6":[1,0],"7":[1,0],"8":[0,1]}}
,"C:\\Users\\user\\Desktop\\Medical Appointment & Patient Management System\\src\\complaint\\complaint.service.ts": {"path":"C:\\Users\\user\\Desktop\\Medical Appointment & Patient Management System\\src\\complaint\\complaint.service.ts","statementMap":{"0":{"start":{"line":2,"column":0},"end":{"line":2,"column":33}},"1":{"start":{"line":3,"column":0},"end":{"line":3,"column":31}},"2":{"start":{"line":4,"column":0},"end":{"line":4,"column":65}},"3":{"start":{"line":7,"column":38},"end":{"line":10,"column":1}},"4":{"start":{"line":8,"column":2},"end":{"line":8,"column":53}},"5":{"start":{"line":9,"column":2},"end":{"line":9,"column":44}},"6":{"start":{"line":7,"column":13},"end":{"line":7,"column":38}},"7":{"start":{"line":13,"column":39},"end":{"line":39,"column":1}},"8":{"start":{"line":14,"column":21},"end":{"line":19,"column":4}},"9":{"start":{"line":21,"column":2},"end":{"line":38,"column":6}},"10":{"start":{"line":21,"column":32},"end":{"line":38,"column":4}},"11":{"start":{"line":13,"column":13},"end":{"line":13,"column":39}},"12":{"start":{"line":42,"column":39},"end":{"line":71,"column":1}},"13":{"start":{"line":43,"column":20},"end":{"line":49,"column":4}},"14":{"start":{"line":51,"column":2},"end":{"line":51,"column":30}},"15":{"start":{"line":51,"column":18},"end":{"line":51,"column":30}},"16":{"start":{"line":53,"column":2},"end":{"line":70,"column":4}},"17":{"start":{"line":42,"column":13},"end":{"line":42,"column":39}},"18":{"start":{"line":74,"column":38},"end":{"line":82,"column":1}},"19":{"start":{"line":78,"column":2},"end":{"line":80,"column":49}},"20":{"start":{"line":81,"column":2},"end":{"line":81,"column":42}},"21":{"start":{"line":74,"column":13},"end":{"line":74,"column":38}},"22":{"start":{"line":85,"column":38},"end":{"line":89,"column":1}},"23":{"start":{"line":86,"column":2},"end":{"line":87,"column":49}},"24":{"start":{"line":88,"column":2},"end":{"line":88,"column":42}},"25":{"start":{"line":85,"column":13},"end":{"line":85,"column":38}},"26":{"start":{"line":92,"column":42},"end":{"line":115,"column":1}},"27":{"start":{"line":93,"column":21},"end":{"line":98,"column":4}},"28":{"start":{"line":100,"column":2},"end":{"line":114,"column":6}},"29":{"start":{"line":100,"column":32},"end":{"line":114,"column":4}},"30":{"start":{"line":92,"column":13},"end":{"line":92,"column":42}},"31":{"start":{"line":118,"column":44},"end":{"line":139,"column":1}},"32":{"start":{"line":119,"column":21},"end":{"line":124,"column":4}},"33":{"start":{"line":126,"column":2},"end":{"line":138,"column":6}},"34":{"start":{"line":126,"column":32},"end":{"line":138,"column":4}},"35":{"start":{"line":118,"column":13},"end":{"line":118,"column":44}},"36":{"start":{"line":142,"column":46},"end":{"line":171,"column":1}},"37":{"start":{"line":143,"column":20},"end":{"line":149,"column":4}},"38":{"start":{"line":151,"column":2},"end":{"line":151,"column":30}},"39":{"start":{"line":151,"column":18},"end":{"line":151,"column":30}},"40":{"start":{"line":153,"column":2},"end":{"line":170,"column":4}},"41":{"start":{"line":142,"column":13},"end":{"line":142,"column":46}}},"fnMap":{"0":{"name":"(anonymous_1)","decl":{"start":{"line":7,"column":38},"end":{"line":7,"column":43}},"loc":{"start":{"line":7,"column":71},"end":{"line":10,"column":1}}},"1":{"name":"(anonymous_2)","decl":{"start":{"line":13,"column":39},"end":{"line":13,"column":44}},"loc":{"start":{"line":13,"column":50},"end":{"line":39,"column":1}}},"2":{"name":"(anonymous_3)","decl":{"start":{"line":21,"column":24},"end":{"line":21,"column":25}},"loc":{"start":{"line":21,"column":32},"end":{"line":38,"column":4}}},"3":{"name":"(anonymous_4)","decl":{"start":{"line":42,"column":39},"end":{"line":42,"column":44}},"loc":{"start":{"line":42,"column":60},"end":{"line":71,"column":1}}},"4":{"name":"(anonymous_5)","decl":{"start":{"line":74,"column":38},"end":{"line":74,"column":43}},"loc":{"start":{"line":77,"column":4},"end":{"line":82,"column":1}}},"5":{"name":"(anonymous_6)","decl":{"start":{"line":85,"column":38},"end":{"line":85,"column":43}},"loc":{"start":{"line":85,"column":59},"end":{"line":89,"column":1}}},"6":{"name":"(anonymous_7)","decl":{"start":{"line":92,"column":42},"end":{"line":92,"column":47}},"loc":{"start":{"line":92,"column":67},"end":{"line":115,"column":1}}},"7":{"name":"(anonymous_8)","decl":{"start":{"line":100,"column":24},"end":{"line":100,"column":25}},"loc":{"start":{"line":100,"column":32},"end":{"line":114,"column":4}}},"8":{"name":"(anonymous_9)","decl":{"start":{"line":118,"column":44},"end":{"line":118,"column":49}},"loc":{"start":{"line":118,"column":71},"end":{"line":139,"column":1}}},"9":{"name":"(anonymous_10)","decl":{"start":{"line":126,"column":24},"end":{"line":126,"column":25}},"loc":{"start":{"line":126,"column":32},"end":{"line":138,"column":4}}},"10":{"name":"(anonymous_11)","decl":{"start":{"line":142,"column":46},"end":{"line":142,"column":51}},"loc":{"start":{"line":142,"column":67},"end":{"line":171,"column":1}}}},"branchMap":{"0":{"loc":{"start":{"line":30,"column":17},"end":{"line":32,"column":24}},"type":"cond-expr","locations":[{"start":{"line":31,"column":8},"end":{"line":31,"column":58}},{"start":{"line":32,"column":8},"end":{"line":32,"column":24}}]},"1":{"loc":{"start":{"line":35,"column":18},"end":{"line":37,"column":22}},"type":"cond-expr","locations":[{"start":{"line":36,"column":8},"end":{"line":36,"column":48}},{"start":{"line":37,"column":8},"end":{"line":37,"column":22}}]},"2":{"loc":{"start":{"line":51,"column":2},"end":{"line":51,"column":30}},"type":"if","locations":[{"start":{"line":51,"column":2},"end":{"line":51,"column":30}},{"start":{},"end":{}}]},"3":{"loc":{"start":{"line":62,"column":17},"end":{"line":64,"column":24}},"type":"cond-expr","locations":[{"start":{"line":63,"column":8},"end":{"line":63,"column":74}},{"start":{"line":64,"column":8},"end":{"line":64,"column":24}}]},"4":{"loc":{"start":{"line":67,"column":18},"end":{"line":69,"column":22}},"type":"cond-expr","locations":[{"start":{"line":68,"column":8},"end":{"line":68,"column":64}},{"start":{"line":69,"column":8},"end":{"line":69,"column":22}}]},"5":{"loc":{"start":{"line":109,"column":17},"end":{"line":111,"column":24}},"type":"cond-expr","locations":[{"start":{"line":110,"column":8},"end":{"line":110,"column":58}},{"start":{"line":111,"column":8},"end":{"line":111,"column":24}}]},"6":{"loc":{"start":{"line":135,"column":18},"end":{"line":137,"column":22}},"type":"cond-expr","locations":[{"start":{"line":136,"column":8},"end":{"line":136,"column":48}},{"start":{"line":137,"column":8},"end":{"line":137,"column":22}}]},"7":{"loc":{"start":{"line":151,"column":2},"end":{"line":151,"column":30}},"type":"if","locations":[{"start":{"line":151,"column":2},"end":{"line":151,"column":30}},{"start":{},"end":{}}]},"8":{"loc":{"start":{"line":162,"column":17},"end":{"line":164,"column":24}},"type":"cond-expr","locations":[{"start":{"line":163,"column":8},"end":{"line":163,"column":74}},{"start":{"line":164,"column":8},"end":{"line":164,"column":24}}]},"9":{"loc":{"start":{"line":167,"column":18},"end":{"line":169,"column":22}},"type":"cond-expr","locations":[{"start":{"line":168,"column":8},"end":{"line":168,"column":64}},{"start":{"line":169,"column":8},"end":{"line":169,"column":22}}]}},"s":{"0":1,"1":1,"2":1,"3":1,"4":1,"5":1,"6":1,"7":1,"8":1,"9":1,"10":1,"11":1,"12":1,"13":1,"14":1,"15":0,"16":1,"17":1,"18":1,"19":1,"20":1,"21":1,"22":1,"23":1,"24":1,"25":1,"26":1,"27":1,"28":1,"29":1,"30":1,"31":1,"32":1,"33":1,"34":1,"35":1,"36":1,"37":1,"38":1,"39":0,"40":1,"41":1},"f":{"0":1,"1":1,"2":1,"3":1,"4":1,"5":1,"6":1,"7":1,"8":1,"9":1,"10":1},"b":{"0":[0,1],"1":[0,1],"2":[0,1],"3":[0,1],"4":[0,1],"5":[0,1],"6":[0,1],"7":[0,1],"8":[1,0],"9":[1,0]}}
,"C:\\Users\\user\\Desktop\\Medical Appointment & Patient Management System\\src\\doctor\\doctor.service.ts": {"path":"C:\\Users\\user\\Desktop\\Medical Appointment & Patient Management System\\src\\doctor\\doctor.service.ts","statementMap":{"0":{"start":{"line":3,"column":0},"end":{"line":3,"column":33}},"1":{"start":{"line":4,"column":0},"end":{"line":4,"column":31}},"2":{"start":{"line":5,"column":0},"end":{"line":5,"column":59}},"3":{"start":{"line":8,"column":35},"end":{"line":11,"column":1}},"4":{"start":{"line":9,"column":2},"end":{"line":9,"column":47}},"5":{"start":{"line":10,"column":2},"end":{"line":10,"column":39}},"6":{"start":{"line":8,"column":13},"end":{"line":8,"column":35}},"7":{"start":{"line":14,"column":36},"end":{"line":16,"column":1}},"8":{"start":{"line":15,"column":2},"end":{"line":15,"column":48}},"9":{"start":{"line":14,"column":13},"end":{"line":14,"column":36}},"10":{"start":{"line":19,"column":36},"end":{"line":23,"column":1}},"11":{"start":{"line":20,"column":2},"end":{"line":22,"column":5}},"12":{"start":{"line":19,"column":13},"end":{"line":19,"column":36}},"13":{"start":{"line":26,"column":35},"end":{"line":29,"column":1}},"14":{"start":{"line":27,"column":2},"end":{"line":27,"column":80}},"15":{"start":{"line":28,"column":2},"end":{"line":28,"column":39}},"16":{"start":{"line":26,"column":13},"end":{"line":26,"column":35}},"17":{"start":{"line":32,"column":35},"end":{"line":35,"column":1}},"18":{"start":{"line":33,"column":2},"end":{"line":33,"column":70}},"19":{"start":{"line":34,"column":2},"end":{"line":34,"column":39}},"20":{"start":{"line":32,"column":13},"end":{"line":32,"column":35}},"21":{"start":{"line":38,"column":48},"end":{"line":45,"column":1}},"22":{"start":{"line":39,"column":2},"end":{"line":44,"column":5}},"23":{"start":{"line":38,"column":13},"end":{"line":38,"column":48}},"24":{"start":{"line":49,"column":49},"end":{"line":56,"column":1}},"25":{"start":{"line":50,"column":2},"end":{"line":55,"column":5}},"26":{"start":{"line":49,"column":13},"end":{"line":49,"column":49}}},"fnMap":{"0":{"name":"(anonymous_1)","decl":{"start":{"line":8,"column":35},"end":{"line":8,"column":40}},"loc":{"start":{"line":8,"column":62},"end":{"line":11,"column":1}}},"1":{"name":"(anonymous_2)","decl":{"start":{"line":14,"column":36},"end":{"line":14,"column":41}},"loc":{"start":{"line":14,"column":47},"end":{"line":16,"column":1}}},"2":{"name":"(anonymous_3)","decl":{"start":{"line":19,"column":36},"end":{"line":19,"column":41}},"loc":{"start":{"line":19,"column":57},"end":{"line":23,"column":1}}},"3":{"name":"(anonymous_4)","decl":{"start":{"line":26,"column":35},"end":{"line":26,"column":40}},"loc":{"start":{"line":26,"column":81},"end":{"line":29,"column":1}}},"4":{"name":"(anonymous_5)","decl":{"start":{"line":32,"column":35},"end":{"line":32,"column":40}},"loc":{"start":{"line":32,"column":56},"end":{"line":35,"column":1}}},"5":{"name":"(anonymous_6)","decl":{"start":{"line":38,"column":48},"end":{"line":38,"column":53}},"loc":{"start":{"line":38,"column":75},"end":{"line":45,"column":1}}},"6":{"name":"(anonymous_7)","decl":{"start":{"line":49,"column":49},"end":{"line":49,"column":54}},"loc":{"start":{"line":49,"column":76},"end":{"line":56,"column":1}}}},"branchMap":{},"s":{"0":1,"1":1,"2":1,"3":1,"4":1,"5":1,"6":1,"7":1,"8":1,"9":1,"10":1,"11":1,"12":1,"13":1,"14":1,"15":1,"16":1,"17":1,"18":1,"19":1,"20":1,"21":1,"22":1,"23":1,"24":1,"25":1,"26":1},"f":{"0":1,"1":1,"2":1,"3":1,"4":1,"5":1,"6":1},"b":{}}
,"C:\\Users\\user\\Desktop\\Medical Appointment & Patient Management System\\src\\payment\\payment.service.ts": {"path":"C:\\Users\\user\\Desktop\\Medical Appointment & Patient Management System\\src\\payment\\payment.service.ts","statementMap":{"0":{"start":{"line":3,"column":0},"end":{"line":3,"column":33}},"1":{"start":{"line":4,"column":0},"end":{"line":4,"column":31}},"2":{"start":{"line":5,"column":0},"end":{"line":5,"column":61}},"3":{"start":{"line":8,"column":36},"end":{"line":11,"column":1}},"4":{"start":{"line":9,"column":2},"end":{"line":9,"column":49}},"5":{"start":{"line":10,"column":2},"end":{"line":10,"column":41}},"6":{"start":{"line":8,"column":13},"end":{"line":8,"column":36}},"7":{"start":{"line":14,"column":37},"end":{"line":20,"column":1}},"8":{"start":{"line":15,"column":2},"end":{"line":19,"column":5}},"9":{"start":{"line":14,"column":13},"end":{"line":14,"column":37}},"10":{"start":{"line":23,"column":37},"end":{"line":30,"column":1}},"11":{"start":{"line":24,"column":2},"end":{"line":29,"column":5}},"12":{"start":{"line":23,"column":13},"end":{"line":23,"column":37}},"13":{"start":{"line":33,"column":36},"end":{"line":39,"column":1}},"14":{"start":{"line":37,"column":2},"end":{"line":37,"column":83}},"15":{"start":{"line":38,"column":2},"end":{"line":38,"column":40}},"16":{"start":{"line":33,"column":13},"end":{"line":33,"column":36}},"17":{"start":{"line":42,"column":36},"end":{"line":45,"column":1}},"18":{"start":{"line":43,"column":2},"end":{"line":43,"column":73}},"19":{"start":{"line":44,"column":2},"end":{"line":44,"column":40}},"20":{"start":{"line":42,"column":13},"end":{"line":42,"column":36}},"21":{"start":{"line":48,"column":47},"end":{"line":55,"column":1}},"22":{"start":{"line":49,"column":2},"end":{"line":54,"column":5}},"23":{"start":{"line":48,"column":13},"end":{"line":48,"column":47}},"24":{"start":{"line":58,"column":44},"end":{"line":70,"column":1}},"25":{"start":{"line":59,"column":2},"end":{"line":69,"column":5}},"26":{"start":{"line":58,"column":13},"end":{"line":58,"column":44}}},"fnMap":{"0":{"name":"(anonymous_1)","decl":{"start":{"line":8,"column":36},"end":{"line":8,"column":41}},"loc":{"start":{"line":8,"column":65},"end":{"line":11,"column":1}}},"1":{"name":"(anonymous_2)","decl":{"start":{"line":14,"column":37},"end":{"line":14,"column":42}},"loc":{"start":{"line":14,"column":48},"end":{"line":20,"column":1}}},"2":{"name":"(anonymous_3)","decl":{"start":{"line":23,"column":37},"end":{"line":23,"column":42}},"loc":{"start":{"line":23,"column":58},"end":{"line":30,"column":1}}},"3":{"name":"(anonymous_4)","decl":{"start":{"line":33,"column":36},"end":{"line":33,"column":41}},"loc":{"start":{"line":36,"column":4},"end":{"line":39,"column":1}}},"4":{"name":"(anonymous_5)","decl":{"start":{"line":42,"column":36},"end":{"line":42,"column":41}},"loc":{"start":{"line":42,"column":57},"end":{"line":45,"column":1}}},"5":{"name":"(anonymous_6)","decl":{"start":{"line":48,"column":47},"end":{"line":48,"column":52}},"loc":{"start":{"line":48,"column":79},"end":{"line":55,"column":1}}},"6":{"name":"(anonymous_7)","decl":{"start":{"line":58,"column":44},"end":{"line":58,"column":49}},"loc":{"start":{"line":58,"column":65},"end":{"line":70,"column":1}}}},"branchMap":{},"s":{"0":1,"1":1,"2":1,"3":1,"4":1,"5":1,"6":1,"7":1,"8":1,"9":1,"10":1,"11":1,"12":1,"13":1,"14":1,"15":1,"16":1,"17":1,"18":1,"19":1,"20":1,"21":1,"22":1,"23":1,"24":1,"25":1,"26":1},"f":{"0":1,"1":1,"2":1,"3":1,"4":1,"5":1,"6":1},"b":{}}
,"C:\\Users\\user\\Desktop\\Medical Appointment & Patient Management System\\src\\prescription\\prescription.service.ts": {"path":"C:\\Users\\user\\Desktop\\Medical Appointment & Patient Management System\\src\\prescription\\prescription.service.ts","statementMap":{"0":{"start":{"line":3,"column":0},"end":{"line":3,"column":33}},"1":{"start":{"line":4,"column":0},"end":{"line":4,"column":31}},"2":{"start":{"line":5,"column":0},"end":{"line":5,"column":71}},"3":{"start":{"line":8,"column":41},"end":{"line":11,"column":1}},"4":{"start":{"line":9,"column":2},"end":{"line":9,"column":59}},"5":{"start":{"line":10,"column":2},"end":{"line":10,"column":45}},"6":{"start":{"line":8,"column":13},"end":{"line":8,"column":41}},"7":{"start":{"line":14,"column":42},"end":{"line":22,"column":1}},"8":{"start":{"line":15,"column":2},"end":{"line":21,"column":5}},"9":{"start":{"line":14,"column":13},"end":{"line":14,"column":42}},"10":{"start":{"line":25,"column":42},"end":{"line":34,"column":1}},"11":{"start":{"line":26,"column":2},"end":{"line":33,"column":5}},"12":{"start":{"line":25,"column":13},"end":{"line":25,"column":42}},"13":{"start":{"line":37,"column":41},"end":{"line":46,"column":1}},"14":{"start":{"line":41,"column":2},"end":{"line":44,"column":55}},"15":{"start":{"line":45,"column":2},"end":{"line":45,"column":45}},"16":{"start":{"line":37,"column":13},"end":{"line":37,"column":41}},"17":{"start":{"line":49,"column":41},"end":{"line":54,"column":1}},"18":{"start":{"line":50,"column":2},"end":{"line":52,"column":55}},"19":{"start":{"line":53,"column":2},"end":{"line":53,"column":45}},"20":{"start":{"line":49,"column":13},"end":{"line":49,"column":41}},"21":{"start":{"line":57,"column":47},"end":{"line":65,"column":1}},"22":{"start":{"line":58,"column":2},"end":{"line":64,"column":5}},"23":{"start":{"line":57,"column":13},"end":{"line":57,"column":47}},"24":{"start":{"line":68,"column":48},"end":{"line":76,"column":1}},"25":{"start":{"line":69,"column":2},"end":{"line":75,"column":5}},"26":{"start":{"line":68,"column":13},"end":{"line":68,"column":48}},"27":{"start":{"line":79,"column":49},"end":{"line":88,"column":1}},"28":{"start":{"line":80,"column":2},"end":{"line":87,"column":5}},"29":{"start":{"line":79,"column":13},"end":{"line":79,"column":49}}},"fnMap":{"0":{"name":"(anonymous_1)","decl":{"start":{"line":8,"column":41},"end":{"line":8,"column":46}},"loc":{"start":{"line":8,"column":80},"end":{"line":11,"column":1}}},"1":{"name":"(anonymous_2)","decl":{"start":{"line":14,"column":42},"end":{"line":14,"column":47}},"loc":{"start":{"line":14,"column":53},"end":{"line":22,"column":1}}},"2":{"name":"(anonymous_3)","decl":{"start":{"line":25,"column":42},"end":{"line":25,"column":47}},"loc":{"start":{"line":25,"column":63},"end":{"line":34,"column":1}}},"3":{"name":"(anonymous_4)","decl":{"start":{"line":37,"column":41},"end":{"line":37,"column":46}},"loc":{"start":{"line":40,"column":4},"end":{"line":46,"column":1}}},"4":{"name":"(anonymous_5)","decl":{"start":{"line":49,"column":41},"end":{"line":49,"column":46}},"loc":{"start":{"line":49,"column":62},"end":{"line":54,"column":1}}},"5":{"name":"(anonymous_6)","decl":{"start":{"line":57,"column":47},"end":{"line":57,"column":52}},"loc":{"start":{"line":57,"column":74},"end":{"line":65,"column":1}}},"6":{"name":"(anonymous_7)","decl":{"start":{"line":68,"column":48},"end":{"line":68,"column":53}},"loc":{"start":{"line":68,"column":73},"end":{"line":76,"column":1}}},"7":{"name":"(anonymous_8)","decl":{"start":{"line":79,"column":49},"end":{"line":79,"column":54}},"loc":{"start":{"line":79,"column":70},"end":{"line":88,"column":1}}}},"branchMap":{},"s":{"0":1,"1":1,"2":1,"3":1,"4":1,"5":1,"6":1,"7":1,"8":1,"9":1,"10":1,"11":1,"12":1,"13":1,"14":1,"15":1,"16":1,"17":1,"18":1,"19":1,"20":1,"21":1,"22":1,"23":1,"24":1,"25":1,"26":1,"27":1,"28":1,"29":1},"f":{"0":1,"1":1,"2":1,"3":1,"4":1,"5":1,"6":1,"7":1},"b":{}}
,"C:\\Users\\user\\Desktop\\Medical Appointment & Patient Management System\\src\\user\\user.service.ts": {"path":"C:\\Users\\user\\Desktop\\Medical Appointment & Patient Management System\\src\\user\\user.service.ts","statementMap":{"0":{"start":{"line":1,"column":0},"end":{"line":1,"column":38}},"1":{"start":{"line":2,"column":0},"end":{"line":2,"column":31}},"2":{"start":{"line":3,"column":0},"end":{"line":3,"column":55}},"3":{"start":{"line":6,"column":33},"end":{"line":9,"column":1}},"4":{"start":{"line":7,"column":2},"end":{"line":7,"column":43}},"5":{"start":{"line":8,"column":2},"end":{"line":8,"column":37}},"6":{"start":{"line":6,"column":13},"end":{"line":6,"column":33}},"7":{"start":{"line":12,"column":37},"end":{"line":16,"column":1}},"8":{"start":{"line":13,"column":2},"end":{"line":15,"column":5}},"9":{"start":{"line":12,"column":13},"end":{"line":12,"column":37}},"10":{"start":{"line":19,"column":33},"end":{"line":24,"column":1}},"11":{"start":{"line":20,"column":2},"end":{"line":23,"column":48}},"12":{"start":{"line":19,"column":13},"end":{"line":19,"column":33}},"13":{"start":{"line":27,"column":32},"end":{"line":40,"column":1}},"14":{"start":{"line":28,"column":20},"end":{"line":28,"column":24}},"15":{"start":{"line":29,"column":2},"end":{"line":39,"column":5}},"16":{"start":{"line":27,"column":13},"end":{"line":27,"column":32}},"17":{"start":{"line":43,"column":31},"end":{"line":45,"column":1}},"18":{"start":{"line":44,"column":2},"end":{"line":44,"column":46}},"19":{"start":{"line":43,"column":13},"end":{"line":43,"column":31}},"20":{"start":{"line":48,"column":34},"end":{"line":52,"column":1}},"21":{"start":{"line":49,"column":2},"end":{"line":51,"column":5}},"22":{"start":{"line":48,"column":13},"end":{"line":48,"column":34}},"23":{"start":{"line":55,"column":33},"end":{"line":65,"column":1}},"24":{"start":{"line":57,"column":25},"end":{"line":57,"column":63}},"25":{"start":{"line":59,"column":2},"end":{"line":62,"column":39}},"26":{"start":{"line":64,"column":2},"end":{"line":64,"column":37}},"27":{"start":{"line":55,"column":13},"end":{"line":55,"column":33}},"28":{"start":{"line":68,"column":33},"end":{"line":71,"column":1}},"29":{"start":{"line":69,"column":2},"end":{"line":69,"column":64}},"30":{"start":{"line":70,"column":2},"end":{"line":70,"column":37}},"31":{"start":{"line":68,"column":13},"end":{"line":68,"column":33}},"32":{"start":{"line":74,"column":39},"end":{"line":81,"column":1}},"33":{"start":{"line":75,"column":2},"end":{"line":80,"column":5}},"34":{"start":{"line":74,"column":13},"end":{"line":74,"column":39}},"35":{"start":{"line":84,"column":40},"end":{"line":91,"column":1}},"36":{"start":{"line":85,"column":2},"end":{"line":90,"column":5}},"37":{"start":{"line":84,"column":13},"end":{"line":84,"column":40}},"38":{"start":{"line":94,"column":37},"end":{"line":101,"column":1}},"39":{"start":{"line":95,"column":2},"end":{"line":100,"column":5}},"40":{"start":{"line":94,"column":13},"end":{"line":94,"column":37}},"41":{"start":{"line":104,"column":43},"end":{"line":115,"column":1}},"42":{"start":{"line":105,"column":2},"end":{"line":114,"column":5}},"43":{"start":{"line":104,"column":13},"end":{"line":104,"column":43}},"44":{"start":{"line":118,"column":35},"end":{"line":129,"column":1}},"45":{"start":{"line":119,"column":2},"end":{"line":128,"column":5}},"46":{"start":{"line":118,"column":13},"end":{"line":118,"column":35}}},"fnMap":{"0":{"name":"(anonymous_1)","decl":{"start":{"line":6,"column":33},"end":{"line":6,"column":38}},"loc":{"start":{"line":6,"column":56},"end":{"line":9,"column":1}}},"1":{"name":"(anonymous_2)","decl":{"start":{"line":12,"column":37},"end":{"line":12,"column":42}},"loc":{"start":{"line":12,"column":61},"end":{"line":16,"column":1}}},"2":{"name":"(anonymous_3)","decl":{"start":{"line":19,"column":33},"end":{"line":19,"column":38}},"loc":{"start":{"line":19,"column":57},"end":{"line":24,"column":1}}},"3":{"name":"(anonymous_4)","decl":{"start":{"line":27,"column":32},"end":{"line":27,"column":37}},"loc":{"start":{"line":27,"column":55},"end":{"line":40,"column":1}}},"4":{"name":"(anonymous_5)","decl":{"start":{"line":43,"column":31},"end":{"line":43,"column":36}},"loc":{"start":{"line":43,"column":42},"end":{"line":45,"column":1}}},"5":{"name":"(anonymous_6)","decl":{"start":{"line":48,"column":34},"end":{"line":48,"column":39}},"loc":{"start":{"line":48,"column":55},"end":{"line":52,"column":1}}},"6":{"name":"(anonymous_7)","decl":{"start":{"line":55,"column":33},"end":{"line":55,"column":38}},"loc":{"start":{"line":55,"column":80},"end":{"line":65,"column":1}}},"7":{"name":"(anonymous_8)","decl":{"start":{"line":68,"column":33},"end":{"line":68,"column":38}},"loc":{"start":{"line":68,"column":54},"end":{"line":71,"column":1}}},"8":{"name":"(anonymous_9)","decl":{"start":{"line":74,"column":39},"end":{"line":74,"column":44}},"loc":{"start":{"line":74,"column":64},"end":{"line":81,"column":1}}},"9":{"name":"(anonymous_10)","decl":{"start":{"line":84,"column":40},"end":{"line":84,"column":45}},"loc":{"start":{"line":84,"column":65},"end":{"line":91,"column":1}}},"10":{"name":"(anonymous_11)","decl":{"start":{"line":94,"column":37},"end":{"line":94,"column":42}},"loc":{"start":{"line":94,"column":62},"end":{"line":101,"column":1}}},"11":{"name":"(anonymous_12)","decl":{"start":{"line":104,"column":43},"end":{"line":104,"column":48}},"loc":{"start":{"line":104,"column":54},"end":{"line":115,"column":1}}},"12":{"name":"(anonymous_13)","decl":{"start":{"line":118,"column":35},"end":{"line":118,"column":40}},"loc":{"start":{"line":118,"column":60},"end":{"line":129,"column":1}}}},"branchMap":{},"s":{"0":1,"1":1,"2":1,"3":1,"4":1,"5":1,"6":1,"7":1,"8":2,"9":1,"10":1,"11":1,"12":1,"13":1,"14":1,"15":1,"16":1,"17":1,"18":1,"19":1,"20":1,"21":1,"22":1,"23":1,"24":0,"25":0,"26":0,"27":1,"28":1,"29":1,"30":1,"31":1,"32":1,"33":1,"34":1,"35":1,"36":1,"37":1,"38":1,"39":1,"40":1,"41":1,"42":1,"43":1,"44":1,"45":1,"46":1},"f":{"0":1,"1":2,"2":1,"3":1,"4":1,"5":1,"6":0,"7":1,"8":1,"9":1,"10":1,"11":1,"12":1},"b":{}}
}
