TN:
SF:src\appointment\appointment.service.ts
FN:6,(anonymous_1)
FN:12,(anonymous_2)
FN:22,(anonymous_3)
FN:52,(anonymous_4)
FN:91,(anonymous_5)
FN:103,(anonymous_6)
FN:109,(anonymous_7)
FN:118,(anonymous_8)
FN:135,(anonymous_9)
FN:144,(anonymous_10)
FNF:10
FNH:10
FNDA:1,(anonymous_1)
FNDA:1,(anonymous_2)
FNDA:1,(anonymous_3)
FNDA:2,(anonymous_4)
FNDA:1,(anonymous_5)
FNDA:1,(anonymous_6)
FNDA:1,(anonymous_7)
FNDA:1,(anonymous_8)
FNDA:1,(anonymous_9)
FNDA:1,(anonymous_10)
DA:1,1
DA:2,1
DA:3,1
DA:6,1
DA:7,1
DA:8,1
DA:12,1
DA:13,1
DA:22,1
DA:24,1
DA:29,1
DA:33,1
DA:52,1
DA:53,2
DA:63,2
DA:65,1
DA:69,1
DA:73,1
DA:91,1
DA:95,1
DA:99,1
DA:103,1
DA:104,1
DA:105,1
DA:109,1
DA:110,1
DA:118,1
DA:135,1
DA:136,1
DA:144,1
LF:30
LH:30
BRDA:24,0,0,1
BRDA:24,0,1,0
BRDA:29,1,0,1
BRDA:29,1,1,0
BRDA:63,2,0,1
BRDA:63,2,1,1
BRDA:65,3,0,1
BRDA:65,3,1,0
BRDA:69,4,0,1
BRDA:69,4,1,0
BRDA:124,5,0,0
BRDA:124,5,1,1
BRDA:128,6,0,1
BRDA:128,6,1,0
BRDA:150,7,0,1
BRDA:150,7,1,0
BRDA:154,8,0,0
BRDA:154,8,1,1
BRF:18
BRH:10
end_of_record
TN:
SF:src\complaint\complaint.service.ts
FN:7,(anonymous_1)
FN:13,(anonymous_2)
FN:21,(anonymous_3)
FN:42,(anonymous_4)
FN:74,(anonymous_5)
FN:85,(anonymous_6)
FN:92,(anonymous_7)
FN:100,(anonymous_8)
FN:118,(anonymous_9)
FN:126,(anonymous_10)
FN:142,(anonymous_11)
FNF:11
FNH:11
FNDA:1,(anonymous_1)
FNDA:1,(anonymous_2)
FNDA:1,(anonymous_3)
FNDA:1,(anonymous_4)
FNDA:1,(anonymous_5)
FNDA:1,(anonymous_6)
FNDA:1,(anonymous_7)
FNDA:1,(anonymous_8)
FNDA:1,(anonymous_9)
FNDA:1,(anonymous_10)
FNDA:1,(anonymous_11)
DA:2,1
DA:3,1
DA:4,1
DA:7,1
DA:8,1
DA:9,1
DA:13,1
DA:14,1
DA:21,1
DA:42,1
DA:43,1
DA:51,1
DA:53,1
DA:74,1
DA:78,1
DA:81,1
DA:85,1
DA:86,1
DA:88,1
DA:92,1
DA:93,1
DA:100,1
DA:118,1
DA:119,1
DA:126,1
DA:142,1
DA:143,1
DA:151,1
DA:153,1
LF:29
LH:29
BRDA:30,0,0,0
BRDA:30,0,1,1
BRDA:35,1,0,0
BRDA:35,1,1,1
BRDA:51,2,0,0
BRDA:51,2,1,1
BRDA:62,3,0,0
BRDA:62,3,1,1
BRDA:67,4,0,0
BRDA:67,4,1,1
BRDA:109,5,0,0
BRDA:109,5,1,1
BRDA:135,6,0,0
BRDA:135,6,1,1
BRDA:151,7,0,0
BRDA:151,7,1,1
BRDA:162,8,0,1
BRDA:162,8,1,0
BRDA:167,9,0,1
BRDA:167,9,1,0
BRF:20
BRH:10
end_of_record
TN:
SF:src\doctor\doctor.service.ts
FN:8,(anonymous_1)
FN:14,(anonymous_2)
FN:19,(anonymous_3)
FN:26,(anonymous_4)
FN:32,(anonymous_5)
FN:38,(anonymous_6)
FN:49,(anonymous_7)
FNF:7
FNH:7
FNDA:1,(anonymous_1)
FNDA:1,(anonymous_2)
FNDA:1,(anonymous_3)
FNDA:1,(anonymous_4)
FNDA:1,(anonymous_5)
FNDA:1,(anonymous_6)
FNDA:1,(anonymous_7)
DA:3,1
DA:4,1
DA:5,1
DA:8,1
DA:9,1
DA:10,1
DA:14,1
DA:15,1
DA:19,1
DA:20,1
DA:26,1
DA:27,1
DA:28,1
DA:32,1
DA:33,1
DA:34,1
DA:38,1
DA:39,1
DA:49,1
DA:50,1
LF:20
LH:20
BRF:0
BRH:0
end_of_record
TN:
SF:src\payment\payment.service.ts
FN:8,(anonymous_1)
FN:14,(anonymous_2)
FN:23,(anonymous_3)
FN:33,(anonymous_4)
FN:42,(anonymous_5)
FN:48,(anonymous_6)
FN:58,(anonymous_7)
FNF:7
FNH:7
FNDA:1,(anonymous_1)
FNDA:1,(anonymous_2)
FNDA:1,(anonymous_3)
FNDA:1,(anonymous_4)
FNDA:1,(anonymous_5)
FNDA:1,(anonymous_6)
FNDA:1,(anonymous_7)
DA:3,1
DA:4,1
DA:5,1
DA:8,1
DA:9,1
DA:10,1
DA:14,1
DA:15,1
DA:23,1
DA:24,1
DA:33,1
DA:37,1
DA:38,1
DA:42,1
DA:43,1
DA:44,1
DA:48,1
DA:49,1
DA:58,1
DA:59,1
LF:20
LH:20
BRF:0
BRH:0
end_of_record
TN:
SF:src\prescription\prescription.service.ts
FN:8,(anonymous_1)
FN:14,(anonymous_2)
FN:25,(anonymous_3)
FN:37,(anonymous_4)
FN:49,(anonymous_5)
FN:57,(anonymous_6)
FN:68,(anonymous_7)
FN:79,(anonymous_8)
FNF:8
FNH:8
FNDA:1,(anonymous_1)
FNDA:1,(anonymous_2)
FNDA:1,(anonymous_3)
FNDA:1,(anonymous_4)
FNDA:1,(anonymous_5)
FNDA:1,(anonymous_6)
FNDA:1,(anonymous_7)
FNDA:1,(anonymous_8)
DA:3,1
DA:4,1
DA:5,1
DA:8,1
DA:9,1
DA:10,1
DA:14,1
DA:15,1
DA:25,1
DA:26,1
DA:37,1
DA:41,1
DA:45,1
DA:49,1
DA:50,1
DA:53,1
DA:57,1
DA:58,1
DA:68,1
DA:69,1
DA:79,1
DA:80,1
LF:22
LH:22
BRF:0
BRH:0
end_of_record
TN:
SF:src\user\user.service.ts
FN:6,(anonymous_1)
FN:12,(anonymous_2)
FN:19,(anonymous_3)
FN:27,(anonymous_4)
FN:43,(anonymous_5)
FN:48,(anonymous_6)
FN:55,(anonymous_7)
FN:68,(anonymous_8)
FN:74,(anonymous_9)
FN:84,(anonymous_10)
FN:94,(anonymous_11)
FN:104,(anonymous_12)
FN:118,(anonymous_13)
FNF:13
FNH:12
FNDA:1,(anonymous_1)
FNDA:2,(anonymous_2)
FNDA:1,(anonymous_3)
FNDA:1,(anonymous_4)
FNDA:1,(anonymous_5)
FNDA:1,(anonymous_6)
FNDA:0,(anonymous_7)
FNDA:1,(anonymous_8)
FNDA:1,(anonymous_9)
FNDA:1,(anonymous_10)
FNDA:1,(anonymous_11)
FNDA:1,(anonymous_12)
FNDA:1,(anonymous_13)
DA:1,1
DA:2,1
DA:3,1
DA:6,1
DA:7,1
DA:8,1
DA:12,1
DA:13,2
DA:19,1
DA:20,1
DA:27,1
DA:28,1
DA:29,1
DA:43,1
DA:44,1
DA:48,1
DA:49,1
DA:55,1
DA:57,0
DA:59,0
DA:64,0
DA:68,1
DA:69,1
DA:70,1
DA:74,1
DA:75,1
DA:84,1
DA:85,1
DA:94,1
DA:95,1
DA:104,1
DA:105,1
DA:118,1
DA:119,1
LF:34
LH:31
BRF:0
BRH:0
end_of_record
